{"name": "adduser", "status": "failed", "statusDetails": {"message": "JavascriptException: Message: javascript error: {\"status\":32,\"value\":\"Unable to locate an element with the xpath expression //div[@class=\\\"oxd-select-text oxd-select-text--active and @text()=\\\"Admin\\\"] because of the following error:\\nSyntaxError: Failed to execute 'evaluate' on 'Document': The string '//div[@class=\\\"oxd-select-text oxd-select-text--active and @text()=\\\"Admin\\\"]' is not a valid XPath expression.\"}\n  (Session info: chrome=125.0.6422.78)\nStacktrace:\n\tGetHandleVerifier [0x00007FF613F41F22+60322]\n\t(No symbol) [0x00007FF613EBCE99]\n\t(No symbol) [0x00007FF613D77EBA]\n\t(No symbol) [0x00007FF613D7DCEE]\n\t(No symbol) [0x00007FF613D80641]\n\t(No symbol) [0x00007FF613D806E0]\n\t(No symbol) [0x00007FF613DC733B]\n\t(No symbol) [0x00007FF613DC773C]\n\t(No symbol) [0x00007FF613E0E997]\n\t(No symbol) [0x00007FF613DEC25F]\n\t(No symbol) [0x00007FF613E0BC80]\n\t(No symbol) [0x00007FF613DEBFC3]\n\t(No symbol) [0x00007FF613DB9617]\n\t(No symbol) [0x00007FF613DBA211]\n\tGetHandleVerifier [0x00007FF61425946D+3301613]\n\tGetHandleVerifier [0x00007FF6142A3693+3605267]\n\tGetHandleVerifier [0x00007FF614299410+3563664]\n\tGetHandleVerifier [0x00007FF613FF42F6+790390]\n\t(No symbol) [0x00007FF613EC74DF]\n\t(No symbol) [0x00007FF613EC33D4]\n\t(No symbol) [0x00007FF613EC3562]\n\t(No symbol) [0x00007FF613EB2F6F]\n\tBaseThreadInitThunk [0x00007FFCE55A7344+20]\n\tRtlUserThreadStart [0x00007FFCE6B226B1+33]\n"}, "description": "ajouter un utilisateur", "steps": [{"name": "comun.openpage", "status": "passed", "statusDetails": {}, "steps": [{"name": "SeleniumLibrary.Open Browser", "status": "passed", "statusDetails": {}, "attachments": [{"name": "Keyword Log", "source": "7cdfa455-1a9c-4677-9699-f362cc7652ca-attachment.html", "type": "text/html"}], "parameters": [{"name": "arg1", "value": "${url}"}, {"name": "arg2", "value": "${browser}"}], "start": 1716882680048, "stop": 1716883325590}, {"name": "SeleniumLibrary.Maximize Browser Window", "status": "passed", "statusDetails": {}, "start": 1716883325590, "stop": 1716883325813}], "start": 1716882680046, "stop": 1716883325813}, {"name": "authentification.login", "status": "passed", "statusDetails": {}, "steps": [{"name": "SeleniumLibrary.Wait Until Element Is Visible", "status": "passed", "statusDetails": {}, "parameters": [{"name": "arg1", "value": "${user}"}, {"name": "arg2", "value": "timeout=20"}], "start": 1716883325828, "stop": 1716883328095}, {"name": "SeleniumLibrary.Input Text", "status": "passed", "statusDetails": {}, "attachments": [{"name": "Keyword Log", "source": "043b7492-030d-495a-98d2-c100ec181c82-attachment.html", "type": "text/html"}], "parameters": [{"name": "arg1", "value": "${user}"}, {"name": "arg2", "value": "${administareur}"}], "start": 1716883328095, "stop": 1716883328509}, {"name": "SeleniumLibrary.Wait Until Element Is Visible", "status": "passed", "statusDetails": {}, "parameters": [{"name": "arg1", "value": "${password}"}], "start": 1716883328509, "stop": 1716883328572}, {"name": "SeleniumLibrary.Input Password", "status": "passed", "statusDetails": {}, "attachments": [{"name": "Keyword Log", "source": "2aeb3bba-4486-44ff-8e1b-cbf0df32f079-attachment.html", "type": "text/html"}], "parameters": [{"name": "arg1", "value": "${password}"}, {"name": "arg2", "value": "${motpass}"}], "start": 1716883328572, "stop": 1716883328878}, {"name": "SeleniumLibrary.Wait Until Element Is Visible", "status": "passed", "statusDetails": {}, "parameters": [{"name": "arg1", "value": "${seconnecter}"}], "start": 1716883328878, "stop": 1716883328956}, {"name": "SeleniumLibrary.Click Button", "status": "passed", "statusDetails": {}, "attachments": [{"name": "Keyword Log", "source": "3e617ac4-8f9b-491f-84af-a23ed1924b37-attachment.html", "type": "text/html"}], "parameters": [{"name": "arg1", "value": "${seconnecter}"}], "start": 1716883328956, "stop": 1716883334604}, {"name": "SeleniumLibrary.Title Should Be", "status": "passed", "statusDetails": {}, "attachments": [{"name": "Keyword Log", "source": "1b875dc9-f96f-4391-8f1f-f84f3f591bfe-attachment.html", "type": "text/html"}], "parameters": [{"name": "arg1", "value": "OrangeHRM"}], "start": 1716883334604, "stop": 1716883334629}], "start": 1716883325828, "stop": 1716883334629}, {"name": "ajoutuser.ajoutuser", "status": "failed", "statusDetails": {"message": "JavascriptException: Message: javascript error: {\"status\":32,\"value\":\"Unable to locate an element with the xpath expression //div[@class=\\\"oxd-select-text oxd-select-text--active and @text()=\\\"Admin\\\"] because of the following error:\\nSyntaxError: Failed to execute 'evaluate' on 'Document': The string '//div[@class=\\\"oxd-select-text oxd-select-text--active and @text()=\\\"Admin\\\"]' is not a valid XPath expression.\"}\n  (Session info: chrome=125.0.6422.78)\nStacktrace:\n\tGetHandleVerifier [0x00007FF613F41F22+60322]\n\t(No symbol) [0x00007FF613EBCE99]\n\t(No symbol) [0x00007FF613D77EBA]\n\t(No symbol) [0x00007FF613D7DCEE]\n\t(No symbol) [0x00007FF613D80641]\n\t(No symbol) [0x00007FF613D806E0]\n\t(No symbol) [0x00007FF613DC733B]\n\t(No symbol) [0x00007FF613DC773C]\n\t(No symbol) [0x00007FF613E0E997]\n\t(No symbol) [0x00007FF613DEC25F]\n\t(No symbol) [0x00007FF613E0BC80]\n\t(No symbol) [0x00007FF613DEBFC3]\n\t(No symbol) [0x00007FF613DB9617]\n\t(No symbol) [0x00007FF613DBA211]\n\tGetHandleVerifier [0x00007FF61425946D+3301613]\n\tGetHandleVerifier [0x00007FF6142A3693+3605267]\n\tGetHandleVerifier [0x00007FF614299410+3563664]\n\tGetHandleVerifier [0x00007FF613FF42F6+790390]\n\t(No symbol) [0x00007FF613EC74DF]\n\t(No symbol) [0x00007FF613EC33D4]\n\t(No symbol) [0x00007FF613EC3562]\n\t(No symbol) [0x00007FF613EB2F6F]\n\tBaseThreadInitThunk [0x00007FFCE55A7344+20]\n\tRtlUserThreadStart [0x00007FFCE6B226B1+33]\n"}, "steps": [{"name": "SeleniumLibrary.Wait Until Element Is Visible", "status": "passed", "statusDetails": {}, "parameters": [{"name": "arg1", "value": "${admin}"}, {"name": "arg2", "value": "timeout=20"}], "start": 1716883334629, "stop": 1716883335319}, {"name": "SeleniumLibrary.Click Element", "status": "passed", "statusDetails": {}, "attachments": [{"name": "Keyword Log", "source": "cebb5328-ae52-46d9-9611-795fd32ef811-attachment.html", "type": "text/html"}], "parameters": [{"name": "arg1", "value": "${admin}"}], "start": 1716883335319, "stop": 1716883337444}, {"name": "SeleniumLibrary.Wait Until Element Is Visible", "status": "passed", "statusDetails": {}, "parameters": [{"name": "arg1", "value": "${userplus}"}], "start": 1716883337444, "stop": 1716883337853}, {"name": "SeleniumLibrary.Click Element", "status": "passed", "statusDetails": {}, "attachments": [{"name": "Keyword Log", "source": "f21bb3a5-ec71-437b-9a48-8744b2365415-attachment.html", "type": "text/html"}], "parameters": [{"name": "arg1", "value": "${userplus}"}], "start": 1716883337853, "stop": 1716883338538}, {"name": "OperatingSystem.Get File", "status": "passed", "statusDetails": {}, "attachments": [{"name": "Keyword Log", "source": "933cf14d-69e4-40eb-b2f4-c0578ec5cc66-attachment.html", "type": "text/html"}], "parameters": [{"name": "arg1", "value": "C:\\\\orange\\\\Ressources\\\\JDD\\\\listeuser.csv"}], "start": 1716883338538, "stop": 1716883338576}, {"name": "BuiltIn.Evaluate", "status": "passed", "statusDetails": {}, "attachments": [{"name": "Keyword Log", "source": "9d7b8e69-0318-45f3-90fe-0a7439840c17-attachment.html", "type": "text/html"}], "parameters": [{"name": "arg1", "value": "[line.split(',') for line in $file_content.splitlines()[1:]]"}], "start": 1716883338576, "stop": 1716883338635}, {"name": "${row}    IN    @{table}", "status": "failed", "statusDetails": {"message": "JavascriptException: Message: javascript error: {\"status\":32,\"value\":\"Unable to locate an element with the xpath expression //div[@class=\\\"oxd-select-text oxd-select-text--active and @text()=\\\"Admin\\\"] because of the following error:\\nSyntaxError: Failed to execute 'evaluate' on 'Document': The string '//div[@class=\\\"oxd-select-text oxd-select-text--active and @text()=\\\"Admin\\\"]' is not a valid XPath expression.\"}\n  (Session info: chrome=125.0.6422.78)\nStacktrace:\n\tGetHandleVerifier [0x00007FF613F41F22+60322]\n\t(No symbol) [0x00007FF613EBCE99]\n\t(No symbol) [0x00007FF613D77EBA]\n\t(No symbol) [0x00007FF613D7DCEE]\n\t(No symbol) [0x00007FF613D80641]\n\t(No symbol) [0x00007FF613D806E0]\n\t(No symbol) [0x00007FF613DC733B]\n\t(No symbol) [0x00007FF613DC773C]\n\t(No symbol) [0x00007FF613E0E997]\n\t(No symbol) [0x00007FF613DEC25F]\n\t(No symbol) [0x00007FF613E0BC80]\n\t(No symbol) [0x00007FF613DEBFC3]\n\t(No symbol) [0x00007FF613DB9617]\n\t(No symbol) [0x00007FF613DBA211]\n\tGetHandleVerifier [0x00007FF61425946D+3301613]\n\tGetHandleVerifier [0x00007FF6142A3693+3605267]\n\tGetHandleVerifier [0x00007FF614299410+3563664]\n\tGetHandleVerifier [0x00007FF613FF42F6+790390]\n\t(No symbol) [0x00007FF613EC74DF]\n\t(No symbol) [0x00007FF613EC33D4]\n\t(No symbol) [0x00007FF613EC3562]\n\t(No symbol) [0x00007FF613EB2F6F]\n\tBaseThreadInitThunk [0x00007FFCE55A7344+20]\n\tRtlUserThreadStart [0x00007FFCE6B226B1+33]\n"}, "steps": [{"name": "${row} = ['Admin', 'Enabled', 'Test 71 FanchesFanshes', 'mohamed', '1234567A']", "status": "failed", "statusDetails": {"message": "JavascriptException: Message: javascript error: {\"status\":32,\"value\":\"Unable to locate an element with the xpath expression //div[@class=\\\"oxd-select-text oxd-select-text--active and @text()=\\\"Admin\\\"] because of the following error:\\nSyntaxError: Failed to execute 'evaluate' on 'Document': The string '//div[@class=\\\"oxd-select-text oxd-select-text--active and @text()=\\\"Admin\\\"]' is not a valid XPath expression.\"}\n  (Session info: chrome=125.0.6422.78)\nStacktrace:\n\tGetHandleVerifier [0x00007FF613F41F22+60322]\n\t(No symbol) [0x00007FF613EBCE99]\n\t(No symbol) [0x00007FF613D77EBA]\n\t(No symbol) [0x00007FF613D7DCEE]\n\t(No symbol) [0x00007FF613D80641]\n\t(No symbol) [0x00007FF613D806E0]\n\t(No symbol) [0x00007FF613DC733B]\n\t(No symbol) [0x00007FF613DC773C]\n\t(No symbol) [0x00007FF613E0E997]\n\t(No symbol) [0x00007FF613DEC25F]\n\t(No symbol) [0x00007FF613E0BC80]\n\t(No symbol) [0x00007FF613DEBFC3]\n\t(No symbol) [0x00007FF613DB9617]\n\t(No symbol) [0x00007FF613DBA211]\n\tGetHandleVerifier [0x00007FF61425946D+3301613]\n\tGetHandleVerifier [0x00007FF6142A3693+3605267]\n\tGetHandleVerifier [0x00007FF614299410+3563664]\n\tGetHandleVerifier [0x00007FF613FF42F6+790390]\n\t(No symbol) [0x00007FF613EC74DF]\n\t(No symbol) [0x00007FF613EC33D4]\n\t(No symbol) [0x00007FF613EC3562]\n\t(No symbol) [0x00007FF613EB2F6F]\n\tBaseThreadInitThunk [0x00007FFCE55A7344+20]\n\tRtlUserThreadStart [0x00007FFCE6B226B1+33]\n"}, "steps": [{"name": "BuiltIn.Set Variable", "status": "passed", "statusDetails": {}, "attachments": [{"name": "Keyword Log", "source": "74ea1332-4abc-4a9a-9852-aab41d3c74c6-attachment.html", "type": "text/html"}], "parameters": [{"name": "arg1", "value": "${row}[0]"}], "start": 1716883338635, "stop": 1716883338676}, {"name": "BuiltIn.Set Variable", "status": "passed", "statusDetails": {}, "attachments": [{"name": "Keyword Log", "source": "65b13ee8-c609-4ce1-a877-121671de3efb-attachment.html", "type": "text/html"}], "parameters": [{"name": "arg1", "value": "${row}[1]"}], "start": 1716883338676, "stop": 1716883338676}, {"name": "BuiltIn.Set Variable", "status": "passed", "statusDetails": {}, "attachments": [{"name": "Keyword Log", "source": "3c739048-7ada-40cf-9840-2910403bdce0-attachment.html", "type": "text/html"}], "parameters": [{"name": "arg1", "value": "${row}[2]"}], "start": 1716883338676, "stop": 1716883338706}, {"name": "BuiltIn.Set Variable", "status": "passed", "statusDetails": {}, "attachments": [{"name": "Keyword Log", "source": "a917d761-08c0-40e0-9d59-941b3c7c2820-attachment.html", "type": "text/html"}], "parameters": [{"name": "arg1", "value": "${row}[3]"}], "start": 1716883338706, "stop": 1716883338706}, {"name": "BuiltIn.Set Variable", "status": "passed", "statusDetails": {}, "attachments": [{"name": "Keyword Log", "source": "d6a9aa95-9642-4452-a9a9-0f333e6320bd-attachment.html", "type": "text/html"}], "parameters": [{"name": "arg1", "value": "${row[4]}"}], "start": 1716883338706, "stop": 1716883338818}, {"name": "SeleniumLibrary.Wait Until Element Is Visible", "status": "passed", "statusDetails": {}, "parameters": [{"name": "arg1", "value": "${userrole}"}], "start": 1716883338826, "stop": 1716883339243}, {"name": "BuiltIn.Log", "status": "passed", "statusDetails": {}, "attachments": [{"name": "Keyword Log", "source": "e74aa740-9031-4c6b-81fa-000acd0ee1b0-attachment.html", "type": "text/html"}], "parameters": [{"name": "arg1", "value": "${userrole}"}], "start": 1716883339251, "stop": 1716883339264}, {"name": "SeleniumLibrary.Click Element", "status": "passed", "statusDetails": {}, "attachments": [{"name": "Keyword Log", "source": "cdc57141-b02c-4855-8631-72b3724ba41e-attachment.html", "type": "text/html"}], "parameters": [{"name": "arg1", "value": "${userrole}"}], "start": 1716883339270, "stop": 1716883339344}, {"name": "SeleniumLibrary.Wait Until Element Is Visible", "status": "failed", "statusDetails": {"message": "JavascriptException: Message: javascript error: {\"status\":32,\"value\":\"Unable to locate an element with the xpath expression //div[@class=\\\"oxd-select-text oxd-select-text--active and @text()=\\\"Admin\\\"] because of the following error:\\nSyntaxError: Failed to execute 'evaluate' on 'Document': The string '//div[@class=\\\"oxd-select-text oxd-select-text--active and @text()=\\\"Admin\\\"]' is not a valid XPath expression.\"}\n  (Session info: chrome=125.0.6422.78)\nStacktrace:\n\tGetHandleVerifier [0x00007FF613F41F22+60322]\n\t(No symbol) [0x00007FF613EBCE99]\n\t(No symbol) [0x00007FF613D77EBA]\n\t(No symbol) [0x00007FF613D7DCEE]\n\t(No symbol) [0x00007FF613D80641]\n\t(No symbol) [0x00007FF613D806E0]\n\t(No symbol) [0x00007FF613DC733B]\n\t(No symbol) [0x00007FF613DC773C]\n\t(No symbol) [0x00007FF613E0E997]\n\t(No symbol) [0x00007FF613DEC25F]\n\t(No symbol) [0x00007FF613E0BC80]\n\t(No symbol) [0x00007FF613DEBFC3]\n\t(No symbol) [0x00007FF613DB9617]\n\t(No symbol) [0x00007FF613DBA211]\n\tGetHandleVerifier [0x00007FF61425946D+3301613]\n\tGetHandleVerifier [0x00007FF6142A3693+3605267]\n\tGetHandleVerifier [0x00007FF614299410+3563664]\n\tGetHandleVerifier [0x00007FF613FF42F6+790390]\n\t(No symbol) [0x00007FF613EC74DF]\n\t(No symbol) [0x00007FF613EC33D4]\n\t(No symbol) [0x00007FF613EC3562]\n\t(No symbol) [0x00007FF613EB2F6F]\n\tBaseThreadInitThunk [0x00007FFCE55A7344+20]\n\tRtlUserThreadStart [0x00007FFCE6B226B1+33]\n"}, "attachments": [{"name": "Keyword Log", "source": "95b3ec72-48bd-499d-a32e-463005468c8a-attachment.html", "type": "text/html"}], "parameters": [{"name": "arg1", "value": "//div[@class=\"oxd-select-text oxd-select-text--active and @text()=\"Admin\"]"}], "start": 1716883339344, "stop": 1716883340234}, {"name": "SeleniumLibrary.Click Element", "status": "skipped", "statusDetails": {"message": "JavascriptException: Message: javascript error: {\"status\":32,\"value\":\"Unable to locate an element with the xpath expression //div[@class=\\\"oxd-select-text oxd-select-text--active and @text()=\\\"Admin\\\"] because of the following error:\\nSyntaxError: Failed to execute 'evaluate' on 'Document': The string '//div[@class=\\\"oxd-select-text oxd-select-text--active and @text()=\\\"Admin\\\"]' is not a valid XPath expression.\"}\n  (Session info: chrome=125.0.6422.78)\nStacktrace:\n\tGetHandleVerifier [0x00007FF613F41F22+60322]\n\t(No symbol) [0x00007FF613EBCE99]\n\t(No symbol) [0x00007FF613D77EBA]\n\t(No symbol) [0x00007FF613D7DCEE]\n\t(No symbol) [0x00007FF613D80641]\n\t(No symbol) [0x00007FF613D806E0]\n\t(No symbol) [0x00007FF613DC733B]\n\t(No symbol) [0x00007FF613DC773C]\n\t(No symbol) [0x00007FF613E0E997]\n\t(No symbol) [0x00007FF613DEC25F]\n\t(No symbol) [0x00007FF613E0BC80]\n\t(No symbol) [0x00007FF613DEBFC3]\n\t(No symbol) [0x00007FF613DB9617]\n\t(No symbol) [0x00007FF613DBA211]\n\tGetHandleVerifier [0x00007FF61425946D+3301613]\n\tGetHandleVerifier [0x00007FF6142A3693+3605267]\n\tGetHandleVerifier [0x00007FF614299410+3563664]\n\tGetHandleVerifier [0x00007FF613FF42F6+790390]\n\t(No symbol) [0x00007FF613EC74DF]\n\t(No symbol) [0x00007FF613EC33D4]\n\t(No symbol) [0x00007FF613EC3562]\n\t(No symbol) [0x00007FF613EB2F6F]\n\tBaseThreadInitThunk [0x00007FFCE55A7344+20]\n\tRtlUserThreadStart [0x00007FFCE6B226B1+33]\n"}, "parameters": [{"name": "arg1", "value": "//div[@class=\"oxd-select-text oxd-select-text--active and @text()=\"Admin\"]"}], "start": 1716883340236, "stop": 1716883340236}, {"name": "SeleniumLibrary.Wait Until Element Is Visible", "status": "skipped", "statusDetails": {"message": "JavascriptException: Message: javascript error: {\"status\":32,\"value\":\"Unable to locate an element with the xpath expression //div[@class=\\\"oxd-select-text oxd-select-text--active and @text()=\\\"Admin\\\"] because of the following error:\\nSyntaxError: Failed to execute 'evaluate' on 'Document': The string '//div[@class=\\\"oxd-select-text oxd-select-text--active and @text()=\\\"Admin\\\"]' is not a valid XPath expression.\"}\n  (Session info: chrome=125.0.6422.78)\nStacktrace:\n\tGetHandleVerifier [0x00007FF613F41F22+60322]\n\t(No symbol) [0x00007FF613EBCE99]\n\t(No symbol) [0x00007FF613D77EBA]\n\t(No symbol) [0x00007FF613D7DCEE]\n\t(No symbol) [0x00007FF613D80641]\n\t(No symbol) [0x00007FF613D806E0]\n\t(No symbol) [0x00007FF613DC733B]\n\t(No symbol) [0x00007FF613DC773C]\n\t(No symbol) [0x00007FF613E0E997]\n\t(No symbol) [0x00007FF613DEC25F]\n\t(No symbol) [0x00007FF613E0BC80]\n\t(No symbol) [0x00007FF613DEBFC3]\n\t(No symbol) [0x00007FF613DB9617]\n\t(No symbol) [0x00007FF613DBA211]\n\tGetHandleVerifier [0x00007FF61425946D+3301613]\n\tGetHandleVerifier [0x00007FF6142A3693+3605267]\n\tGetHandleVerifier [0x00007FF614299410+3563664]\n\tGetHandleVerifier [0x00007FF613FF42F6+790390]\n\t(No symbol) [0x00007FF613EC74DF]\n\t(No symbol) [0x00007FF613EC33D4]\n\t(No symbol) [0x00007FF613EC3562]\n\t(No symbol) [0x00007FF613EB2F6F]\n\tBaseThreadInitThunk [0x00007FFCE55A7344+20]\n\tRtlUserThreadStart [0x00007FFCE6B226B1+33]\n"}, "parameters": [{"name": "arg1", "value": "${employername}"}], "start": 1716883340236, "stop": 1716883340236}, {"name": "SeleniumLibrary.Input Text", "status": "skipped", "statusDetails": {"message": "JavascriptException: Message: javascript error: {\"status\":32,\"value\":\"Unable to locate an element with the xpath expression //div[@class=\\\"oxd-select-text oxd-select-text--active and @text()=\\\"Admin\\\"] because of the following error:\\nSyntaxError: Failed to execute 'evaluate' on 'Document': The string '//div[@class=\\\"oxd-select-text oxd-select-text--active and @text()=\\\"Admin\\\"]' is not a valid XPath expression.\"}\n  (Session info: chrome=125.0.6422.78)\nStacktrace:\n\tGetHandleVerifier [0x00007FF613F41F22+60322]\n\t(No symbol) [0x00007FF613EBCE99]\n\t(No symbol) [0x00007FF613D77EBA]\n\t(No symbol) [0x00007FF613D7DCEE]\n\t(No symbol) [0x00007FF613D80641]\n\t(No symbol) [0x00007FF613D806E0]\n\t(No symbol) [0x00007FF613DC733B]\n\t(No symbol) [0x00007FF613DC773C]\n\t(No symbol) [0x00007FF613E0E997]\n\t(No symbol) [0x00007FF613DEC25F]\n\t(No symbol) [0x00007FF613E0BC80]\n\t(No symbol) [0x00007FF613DEBFC3]\n\t(No symbol) [0x00007FF613DB9617]\n\t(No symbol) [0x00007FF613DBA211]\n\tGetHandleVerifier [0x00007FF61425946D+3301613]\n\tGetHandleVerifier [0x00007FF6142A3693+3605267]\n\tGetHandleVerifier [0x00007FF614299410+3563664]\n\tGetHandleVerifier [0x00007FF613FF42F6+790390]\n\t(No symbol) [0x00007FF613EC74DF]\n\t(No symbol) [0x00007FF613EC33D4]\n\t(No symbol) [0x00007FF613EC3562]\n\t(No symbol) [0x00007FF613EB2F6F]\n\tBaseThreadInitThunk [0x00007FFCE55A7344+20]\n\tRtlUserThreadStart [0x00007FFCE6B226B1+33]\n"}, "parameters": [{"name": "arg1", "value": "${employername}"}, {"name": "arg2", "value": "${emlpoyer}"}], "start": 1716883340236, "stop": 1716883340236}, {"name": "SeleniumLibrary.Wait Until Element Is Visible", "status": "skipped", "statusDetails": {"message": "JavascriptException: Message: javascript error: {\"status\":32,\"value\":\"Unable to locate an element with the xpath expression //div[@class=\\\"oxd-select-text oxd-select-text--active and @text()=\\\"Admin\\\"] because of the following error:\\nSyntaxError: Failed to execute 'evaluate' on 'Document': The string '//div[@class=\\\"oxd-select-text oxd-select-text--active and @text()=\\\"Admin\\\"]' is not a valid XPath expression.\"}\n  (Session info: chrome=125.0.6422.78)\nStacktrace:\n\tGetHandleVerifier [0x00007FF613F41F22+60322]\n\t(No symbol) [0x00007FF613EBCE99]\n\t(No symbol) [0x00007FF613D77EBA]\n\t(No symbol) [0x00007FF613D7DCEE]\n\t(No symbol) [0x00007FF613D80641]\n\t(No symbol) [0x00007FF613D806E0]\n\t(No symbol) [0x00007FF613DC733B]\n\t(No symbol) [0x00007FF613DC773C]\n\t(No symbol) [0x00007FF613E0E997]\n\t(No symbol) [0x00007FF613DEC25F]\n\t(No symbol) [0x00007FF613E0BC80]\n\t(No symbol) [0x00007FF613DEBFC3]\n\t(No symbol) [0x00007FF613DB9617]\n\t(No symbol) [0x00007FF613DBA211]\n\tGetHandleVerifier [0x00007FF61425946D+3301613]\n\tGetHandleVerifier [0x00007FF6142A3693+3605267]\n\tGetHandleVerifier [0x00007FF614299410+3563664]\n\tGetHandleVerifier [0x00007FF613FF42F6+790390]\n\t(No symbol) [0x00007FF613EC74DF]\n\t(No symbol) [0x00007FF613EC33D4]\n\t(No symbol) [0x00007FF613EC3562]\n\t(No symbol) [0x00007FF613EB2F6F]\n\tBaseThreadInitThunk [0x00007FFCE55A7344+20]\n\tRtlUserThreadStart [0x00007FFCE6B226B1+33]\n"}, "parameters": [{"name": "arg1", "value": "${username}"}], "start": 1716883340236, "stop": 1716883340236}, {"name": "SeleniumLibrary.Input Text", "status": "skipped", "statusDetails": {"message": "JavascriptException: Message: javascript error: {\"status\":32,\"value\":\"Unable to locate an element with the xpath expression //div[@class=\\\"oxd-select-text oxd-select-text--active and @text()=\\\"Admin\\\"] because of the following error:\\nSyntaxError: Failed to execute 'evaluate' on 'Document': The string '//div[@class=\\\"oxd-select-text oxd-select-text--active and @text()=\\\"Admin\\\"]' is not a valid XPath expression.\"}\n  (Session info: chrome=125.0.6422.78)\nStacktrace:\n\tGetHandleVerifier [0x00007FF613F41F22+60322]\n\t(No symbol) [0x00007FF613EBCE99]\n\t(No symbol) [0x00007FF613D77EBA]\n\t(No symbol) [0x00007FF613D7DCEE]\n\t(No symbol) [0x00007FF613D80641]\n\t(No symbol) [0x00007FF613D806E0]\n\t(No symbol) [0x00007FF613DC733B]\n\t(No symbol) [0x00007FF613DC773C]\n\t(No symbol) [0x00007FF613E0E997]\n\t(No symbol) [0x00007FF613DEC25F]\n\t(No symbol) [0x00007FF613E0BC80]\n\t(No symbol) [0x00007FF613DEBFC3]\n\t(No symbol) [0x00007FF613DB9617]\n\t(No symbol) [0x00007FF613DBA211]\n\tGetHandleVerifier [0x00007FF61425946D+3301613]\n\tGetHandleVerifier [0x00007FF6142A3693+3605267]\n\tGetHandleVerifier [0x00007FF614299410+3563664]\n\tGetHandleVerifier [0x00007FF613FF42F6+790390]\n\t(No symbol) [0x00007FF613EC74DF]\n\t(No symbol) [0x00007FF613EC33D4]\n\t(No symbol) [0x00007FF613EC3562]\n\t(No symbol) [0x00007FF613EB2F6F]\n\tBaseThreadInitThunk [0x00007FFCE55A7344+20]\n\tRtlUserThreadStart [0x00007FFCE6B226B1+33]\n"}, "parameters": [{"name": "arg1", "value": "${username}"}, {"name": "arg2", "value": "${usernom}"}], "start": 1716883340236, "stop": 1716883340236}, {"name": "SeleniumLibrary.Wait Until Element Is Visible", "status": "skipped", "statusDetails": {"message": "JavascriptException: Message: javascript error: {\"status\":32,\"value\":\"Unable to locate an element with the xpath expression //div[@class=\\\"oxd-select-text oxd-select-text--active and @text()=\\\"Admin\\\"] because of the following error:\\nSyntaxError: Failed to execute 'evaluate' on 'Document': The string '//div[@class=\\\"oxd-select-text oxd-select-text--active and @text()=\\\"Admin\\\"]' is not a valid XPath expression.\"}\n  (Session info: chrome=125.0.6422.78)\nStacktrace:\n\tGetHandleVerifier [0x00007FF613F41F22+60322]\n\t(No symbol) [0x00007FF613EBCE99]\n\t(No symbol) [0x00007FF613D77EBA]\n\t(No symbol) [0x00007FF613D7DCEE]\n\t(No symbol) [0x00007FF613D80641]\n\t(No symbol) [0x00007FF613D806E0]\n\t(No symbol) [0x00007FF613DC733B]\n\t(No symbol) [0x00007FF613DC773C]\n\t(No symbol) [0x00007FF613E0E997]\n\t(No symbol) [0x00007FF613DEC25F]\n\t(No symbol) [0x00007FF613E0BC80]\n\t(No symbol) [0x00007FF613DEBFC3]\n\t(No symbol) [0x00007FF613DB9617]\n\t(No symbol) [0x00007FF613DBA211]\n\tGetHandleVerifier [0x00007FF61425946D+3301613]\n\tGetHandleVerifier [0x00007FF6142A3693+3605267]\n\tGetHandleVerifier [0x00007FF614299410+3563664]\n\tGetHandleVerifier [0x00007FF613FF42F6+790390]\n\t(No symbol) [0x00007FF613EC74DF]\n\t(No symbol) [0x00007FF613EC33D4]\n\t(No symbol) [0x00007FF613EC3562]\n\t(No symbol) [0x00007FF613EB2F6F]\n\tBaseThreadInitThunk [0x00007FFCE55A7344+20]\n\tRtlUserThreadStart [0x00007FFCE6B226B1+33]\n"}, "parameters": [{"name": "arg1", "value": "${userpassword}"}], "start": 1716883340236, "stop": 1716883340236}, {"name": "SeleniumLibrary.Input Password", "status": "skipped", "statusDetails": {"message": "JavascriptException: Message: javascript error: {\"status\":32,\"value\":\"Unable to locate an element with the xpath expression //div[@class=\\\"oxd-select-text oxd-select-text--active and @text()=\\\"Admin\\\"] because of the following error:\\nSyntaxError: Failed to execute 'evaluate' on 'Document': The string '//div[@class=\\\"oxd-select-text oxd-select-text--active and @text()=\\\"Admin\\\"]' is not a valid XPath expression.\"}\n  (Session info: chrome=125.0.6422.78)\nStacktrace:\n\tGetHandleVerifier [0x00007FF613F41F22+60322]\n\t(No symbol) [0x00007FF613EBCE99]\n\t(No symbol) [0x00007FF613D77EBA]\n\t(No symbol) [0x00007FF613D7DCEE]\n\t(No symbol) [0x00007FF613D80641]\n\t(No symbol) [0x00007FF613D806E0]\n\t(No symbol) [0x00007FF613DC733B]\n\t(No symbol) [0x00007FF613DC773C]\n\t(No symbol) [0x00007FF613E0E997]\n\t(No symbol) [0x00007FF613DEC25F]\n\t(No symbol) [0x00007FF613E0BC80]\n\t(No symbol) [0x00007FF613DEBFC3]\n\t(No symbol) [0x00007FF613DB9617]\n\t(No symbol) [0x00007FF613DBA211]\n\tGetHandleVerifier [0x00007FF61425946D+3301613]\n\tGetHandleVerifier [0x00007FF6142A3693+3605267]\n\tGetHandleVerifier [0x00007FF614299410+3563664]\n\tGetHandleVerifier [0x00007FF613FF42F6+790390]\n\t(No symbol) [0x00007FF613EC74DF]\n\t(No symbol) [0x00007FF613EC33D4]\n\t(No symbol) [0x00007FF613EC3562]\n\t(No symbol) [0x00007FF613EB2F6F]\n\tBaseThreadInitThunk [0x00007FFCE55A7344+20]\n\tRtlUserThreadStart [0x00007FFCE6B226B1+33]\n"}, "parameters": [{"name": "arg1", "value": "${userpassword}"}, {"name": "arg2", "value": "${motdepass}"}], "start": 1716883340236, "stop": 1716883340236}, {"name": "SeleniumLibrary.Input Password", "status": "skipped", "statusDetails": {"message": "JavascriptException: Message: javascript error: {\"status\":32,\"value\":\"Unable to locate an element with the xpath expression //div[@class=\\\"oxd-select-text oxd-select-text--active and @text()=\\\"Admin\\\"] because of the following error:\\nSyntaxError: Failed to execute 'evaluate' on 'Document': The string '//div[@class=\\\"oxd-select-text oxd-select-text--active and @text()=\\\"Admin\\\"]' is not a valid XPath expression.\"}\n  (Session info: chrome=125.0.6422.78)\nStacktrace:\n\tGetHandleVerifier [0x00007FF613F41F22+60322]\n\t(No symbol) [0x00007FF613EBCE99]\n\t(No symbol) [0x00007FF613D77EBA]\n\t(No symbol) [0x00007FF613D7DCEE]\n\t(No symbol) [0x00007FF613D80641]\n\t(No symbol) [0x00007FF613D806E0]\n\t(No symbol) [0x00007FF613DC733B]\n\t(No symbol) [0x00007FF613DC773C]\n\t(No symbol) [0x00007FF613E0E997]\n\t(No symbol) [0x00007FF613DEC25F]\n\t(No symbol) [0x00007FF613E0BC80]\n\t(No symbol) [0x00007FF613DEBFC3]\n\t(No symbol) [0x00007FF613DB9617]\n\t(No symbol) [0x00007FF613DBA211]\n\tGetHandleVerifier [0x00007FF61425946D+3301613]\n\tGetHandleVerifier [0x00007FF6142A3693+3605267]\n\tGetHandleVerifier [0x00007FF614299410+3563664]\n\tGetHandleVerifier [0x00007FF613FF42F6+790390]\n\t(No symbol) [0x00007FF613EC74DF]\n\t(No symbol) [0x00007FF613EC33D4]\n\t(No symbol) [0x00007FF613EC3562]\n\t(No symbol) [0x00007FF613EB2F6F]\n\tBaseThreadInitThunk [0x00007FFCE55A7344+20]\n\tRtlUserThreadStart [0x00007FFCE6B226B1+33]\n"}, "parameters": [{"name": "arg1", "value": "${userconfirmpassword}"}, {"name": "arg2", "value": "${motdepass}"}], "start": 1716883340236, "stop": 1716883340236}, {"name": "SeleniumLibrary.Click Button", "status": "skipped", "statusDetails": {"message": "JavascriptException: Message: javascript error: {\"status\":32,\"value\":\"Unable to locate an element with the xpath expression //div[@class=\\\"oxd-select-text oxd-select-text--active and @text()=\\\"Admin\\\"] because of the following error:\\nSyntaxError: Failed to execute 'evaluate' on 'Document': The string '//div[@class=\\\"oxd-select-text oxd-select-text--active and @text()=\\\"Admin\\\"]' is not a valid XPath expression.\"}\n  (Session info: chrome=125.0.6422.78)\nStacktrace:\n\tGetHandleVerifier [0x00007FF613F41F22+60322]\n\t(No symbol) [0x00007FF613EBCE99]\n\t(No symbol) [0x00007FF613D77EBA]\n\t(No symbol) [0x00007FF613D7DCEE]\n\t(No symbol) [0x00007FF613D80641]\n\t(No symbol) [0x00007FF613D806E0]\n\t(No symbol) [0x00007FF613DC733B]\n\t(No symbol) [0x00007FF613DC773C]\n\t(No symbol) [0x00007FF613E0E997]\n\t(No symbol) [0x00007FF613DEC25F]\n\t(No symbol) [0x00007FF613E0BC80]\n\t(No symbol) [0x00007FF613DEBFC3]\n\t(No symbol) [0x00007FF613DB9617]\n\t(No symbol) [0x00007FF613DBA211]\n\tGetHandleVerifier [0x00007FF61425946D+3301613]\n\tGetHandleVerifier [0x00007FF6142A3693+3605267]\n\tGetHandleVerifier [0x00007FF614299410+3563664]\n\tGetHandleVerifier [0x00007FF613FF42F6+790390]\n\t(No symbol) [0x00007FF613EC74DF]\n\t(No symbol) [0x00007FF613EC33D4]\n\t(No symbol) [0x00007FF613EC3562]\n\t(No symbol) [0x00007FF613EB2F6F]\n\tBaseThreadInitThunk [0x00007FFCE55A7344+20]\n\tRtlUserThreadStart [0x00007FFCE6B226B1+33]\n"}, "parameters": [{"name": "arg1", "value": "${usersave}"}], "start": 1716883340236, "stop": 1716883340236}, {"name": "SeleniumLibrary.Alert Should Be Present", "status": "skipped", "statusDetails": {"message": "JavascriptException: Message: javascript error: {\"status\":32,\"value\":\"Unable to locate an element with the xpath expression //div[@class=\\\"oxd-select-text oxd-select-text--active and @text()=\\\"Admin\\\"] because of the following error:\\nSyntaxError: Failed to execute 'evaluate' on 'Document': The string '//div[@class=\\\"oxd-select-text oxd-select-text--active and @text()=\\\"Admin\\\"]' is not a valid XPath expression.\"}\n  (Session info: chrome=125.0.6422.78)\nStacktrace:\n\tGetHandleVerifier [0x00007FF613F41F22+60322]\n\t(No symbol) [0x00007FF613EBCE99]\n\t(No symbol) [0x00007FF613D77EBA]\n\t(No symbol) [0x00007FF613D7DCEE]\n\t(No symbol) [0x00007FF613D80641]\n\t(No symbol) [0x00007FF613D806E0]\n\t(No symbol) [0x00007FF613DC733B]\n\t(No symbol) [0x00007FF613DC773C]\n\t(No symbol) [0x00007FF613E0E997]\n\t(No symbol) [0x00007FF613DEC25F]\n\t(No symbol) [0x00007FF613E0BC80]\n\t(No symbol) [0x00007FF613DEBFC3]\n\t(No symbol) [0x00007FF613DB9617]\n\t(No symbol) [0x00007FF613DBA211]\n\tGetHandleVerifier [0x00007FF61425946D+3301613]\n\tGetHandleVerifier [0x00007FF6142A3693+3605267]\n\tGetHandleVerifier [0x00007FF614299410+3563664]\n\tGetHandleVerifier [0x00007FF613FF42F6+790390]\n\t(No symbol) [0x00007FF613EC74DF]\n\t(No symbol) [0x00007FF613EC33D4]\n\t(No symbol) [0x00007FF613EC3562]\n\t(No symbol) [0x00007FF613EB2F6F]\n\tBaseThreadInitThunk [0x00007FFCE55A7344+20]\n\tRtlUserThreadStart [0x00007FFCE6B226B1+33]\n"}, "start": 1716883340236, "stop": 1716883340236}], "start": 1716883338635, "stop": 1716883340236}], "start": 1716883338635, "stop": 1716883340236}], "start": 1716883334629, "stop": 1716883340236}, {"name": "SeleniumLibrary.Close Browser", "status": "skipped", "statusDetails": {"message": "JavascriptException: Message: javascript error: {\"status\":32,\"value\":\"Unable to locate an element with the xpath expression //div[@class=\\\"oxd-select-text oxd-select-text--active and @text()=\\\"Admin\\\"] because of the following error:\\nSyntaxError: Failed to execute 'evaluate' on 'Document': The string '//div[@class=\\\"oxd-select-text oxd-select-text--active and @text()=\\\"Admin\\\"]' is not a valid XPath expression.\"}\n  (Session info: chrome=125.0.6422.78)\nStacktrace:\n\tGetHandleVerifier [0x00007FF613F41F22+60322]\n\t(No symbol) [0x00007FF613EBCE99]\n\t(No symbol) [0x00007FF613D77EBA]\n\t(No symbol) [0x00007FF613D7DCEE]\n\t(No symbol) [0x00007FF613D80641]\n\t(No symbol) [0x00007FF613D806E0]\n\t(No symbol) [0x00007FF613DC733B]\n\t(No symbol) [0x00007FF613DC773C]\n\t(No symbol) [0x00007FF613E0E997]\n\t(No symbol) [0x00007FF613DEC25F]\n\t(No symbol) [0x00007FF613E0BC80]\n\t(No symbol) [0x00007FF613DEBFC3]\n\t(No symbol) [0x00007FF613DB9617]\n\t(No symbol) [0x00007FF613DBA211]\n\tGetHandleVerifier [0x00007FF61425946D+3301613]\n\tGetHandleVerifier [0x00007FF6142A3693+3605267]\n\tGetHandleVerifier [0x00007FF614299410+3563664]\n\tGetHandleVerifier [0x00007FF613FF42F6+790390]\n\t(No symbol) [0x00007FF613EC74DF]\n\t(No symbol) [0x00007FF613EC33D4]\n\t(No symbol) [0x00007FF613EC3562]\n\t(No symbol) [0x00007FF613EB2F6F]\n\tBaseThreadInitThunk [0x00007FFCE55A7344+20]\n\tRtlUserThreadStart [0x00007FFCE6B226B1+33]\n"}, "start": 1716883340236, "stop": 1716883340236}], "start": 1716882680046, "stop": 1716883340236, "uuid": "7a036291-157e-4d06-93ef-ca19facaa016", "historyId": "96dda929688fc2c01ba08302a2ae40aa", "fullName": "PageObject.adduser", "labels": [{"name": "suite", "value": "PageObject"}, {"name": "framework", "value": "robotframework"}, {"name": "language", "value": "cpython3"}, {"name": "host", "value": "DESKTOP-IV2E1AJ"}, {"name": "thread", "value": "default-3d077d55-0aa1-406c-a29c-313d9e2e407f"}, {"name": "tag", "value": "utilisateur"}]}