{"name": "adduser", "status": "failed", "statusDetails": {"message": "JavascriptException: Message: javascript error: {\"status\":32,\"value\":\"Unable to locate an element with the xpath expression //div[@class=\\\"oxd-select-text oxd-select-text--active and @text()=\\\"Admin\\\"] because of the following error:\\nSyntaxError: Failed to execute 'evaluate' on 'Document': The string '//div[@class=\\\"oxd-select-text oxd-select-text--active and @text()=\\\"Admin\\\"]' is not a valid XPath expression.\"}\n  (Session info: chrome=125.0.6422.78)\nStacktrace:\n\tGetHandleVerifier [0x00007FF651931F22+60322]\n\t(No symbol) [0x00007FF6518ACE99]\n\t(No symbol) [0x00007FF651767EBA]\n\t(No symbol) [0x00007FF65176DCEE]\n\t(No symbol) [0x00007FF651770641]\n\t(No symbol) [0x00007FF6517706E0]\n\t(No symbol) [0x00007FF6517B733B]\n\t(No symbol) [0x00007FF6517B773C]\n\t(No symbol) [0x00007FF6517FE997]\n\t(No symbol) [0x00007FF6517DC25F]\n\t(No symbol) [0x00007FF6517FBC80]\n\t(No symbol) [0x00007FF6517DBFC3]\n\t(No symbol) [0x00007FF6517A9617]\n\t(No symbol) [0x00007FF6517AA211]\n\tGetHandleVerifier [0x00007FF651C4946D+3301613]\n\tGetHandleVerifier [0x00007FF651C93693+3605267]\n\tGetHandleVerifier [0x00007FF651C89410+3563664]\n\tGetHandleVerifier [0x00007FF6519E42F6+790390]\n\t(No symbol) [0x00007FF6518B74DF]\n\t(No symbol) [0x00007FF6518B33D4]\n\t(No symbol) [0x00007FF6518B3562]\n\t(No symbol) [0x00007FF6518A2F6F]\n\tBaseThreadInitThunk [0x00007FFCE55A7344+20]\n\tRtlUserThreadStart [0x00007FFCE6B226B1+33]\n"}, "description": "ajouter un utilisateur", "steps": [{"name": "comun.openpage", "status": "passed", "statusDetails": {}, "steps": [{"name": "SeleniumLibrary.Open Browser", "status": "passed", "statusDetails": {}, "attachments": [{"name": "Keyword Log", "source": "7150a7ce-13c4-4941-9ff3-cd7d6283e4e8-attachment.html", "type": "text/html"}], "parameters": [{"name": "arg1", "value": "${url}"}, {"name": "arg2", "value": "${browser}"}], "start": 1716883926548, "stop": 1716884123756}, {"name": "SeleniumLibrary.Maximize Browser Window", "status": "passed", "statusDetails": {}, "start": 1716884123756, "stop": 1716884138070}], "start": 1716883926548, "stop": 1716884138070}, {"name": "authentification.login", "status": "passed", "statusDetails": {}, "steps": [{"name": "SeleniumLibrary.Wait Until Element Is Visible", "status": "passed", "statusDetails": {}, "parameters": [{"name": "arg1", "value": "${user}"}, {"name": "arg2", "value": "timeout=20"}], "start": 1716884138070, "stop": 1716884143968}, {"name": "SeleniumLibrary.Input Text", "status": "passed", "statusDetails": {}, "attachments": [{"name": "Keyword Log", "source": "79b32e0d-9f5d-4c16-858f-518a9fa6162c-attachment.html", "type": "text/html"}], "parameters": [{"name": "arg1", "value": "${user}"}, {"name": "arg2", "value": "${administareur}"}], "start": 1716884143968, "stop": 1716884153345}, {"name": "SeleniumLibrary.Wait Until Element Is Visible", "status": "passed", "statusDetails": {}, "parameters": [{"name": "arg1", "value": "${password}"}], "start": 1716884153345, "stop": 1716884155097}, {"name": "SeleniumLibrary.Input Password", "status": "passed", "statusDetails": {}, "attachments": [{"name": "Keyword Log", "source": "46e0110c-9cd2-4bc9-8ecf-521c94375b66-attachment.html", "type": "text/html"}], "parameters": [{"name": "arg1", "value": "${password}"}, {"name": "arg2", "value": "${motpass}"}], "start": 1716884155097, "stop": 1716884156689}, {"name": "SeleniumLibrary.Wait Until Element Is Visible", "status": "passed", "statusDetails": {}, "parameters": [{"name": "arg1", "value": "${seconnecter}"}], "start": 1716884156689, "stop": 1716884156804}, {"name": "SeleniumLibrary.Click Button", "status": "passed", "statusDetails": {}, "attachments": [{"name": "Keyword Log", "source": "655a7677-04c3-44d9-83df-14b9006e6ae4-attachment.html", "type": "text/html"}], "parameters": [{"name": "arg1", "value": "${seconnecter}"}], "start": 1716884156804, "stop": 1716884160828}, {"name": "SeleniumLibrary.Title Should Be", "status": "passed", "statusDetails": {}, "attachments": [{"name": "Keyword Log", "source": "44586d4d-f66c-4546-88a1-8cc5b9387b4a-attachment.html", "type": "text/html"}], "parameters": [{"name": "arg1", "value": "OrangeHRM"}], "start": 1716884160844, "stop": 1716884168170}], "start": 1716884138070, "stop": 1716884168170}, {"name": "ajoutuser.ajoutuser", "status": "failed", "statusDetails": {"message": "JavascriptException: Message: javascript error: {\"status\":32,\"value\":\"Unable to locate an element with the xpath expression //div[@class=\\\"oxd-select-text oxd-select-text--active and @text()=\\\"Admin\\\"] because of the following error:\\nSyntaxError: Failed to execute 'evaluate' on 'Document': The string '//div[@class=\\\"oxd-select-text oxd-select-text--active and @text()=\\\"Admin\\\"]' is not a valid XPath expression.\"}\n  (Session info: chrome=125.0.6422.78)\nStacktrace:\n\tGetHandleVerifier [0x00007FF651931F22+60322]\n\t(No symbol) [0x00007FF6518ACE99]\n\t(No symbol) [0x00007FF651767EBA]\n\t(No symbol) [0x00007FF65176DCEE]\n\t(No symbol) [0x00007FF651770641]\n\t(No symbol) [0x00007FF6517706E0]\n\t(No symbol) [0x00007FF6517B733B]\n\t(No symbol) [0x00007FF6517B773C]\n\t(No symbol) [0x00007FF6517FE997]\n\t(No symbol) [0x00007FF6517DC25F]\n\t(No symbol) [0x00007FF6517FBC80]\n\t(No symbol) [0x00007FF6517DBFC3]\n\t(No symbol) [0x00007FF6517A9617]\n\t(No symbol) [0x00007FF6517AA211]\n\tGetHandleVerifier [0x00007FF651C4946D+3301613]\n\tGetHandleVerifier [0x00007FF651C93693+3605267]\n\tGetHandleVerifier [0x00007FF651C89410+3563664]\n\tGetHandleVerifier [0x00007FF6519E42F6+790390]\n\t(No symbol) [0x00007FF6518B74DF]\n\t(No symbol) [0x00007FF6518B33D4]\n\t(No symbol) [0x00007FF6518B3562]\n\t(No symbol) [0x00007FF6518A2F6F]\n\tBaseThreadInitThunk [0x00007FFCE55A7344+20]\n\tRtlUserThreadStart [0x00007FFCE6B226B1+33]\n"}, "steps": [{"name": "SeleniumLibrary.Wait Until Element Is Visible", "status": "passed", "statusDetails": {}, "parameters": [{"name": "arg1", "value": "${admin}"}, {"name": "arg2", "value": "timeout=20"}], "start": 1716884168170, "stop": 1716884178716}, {"name": "SeleniumLibrary.Click Element", "status": "passed", "statusDetails": {}, "attachments": [{"name": "Keyword Log", "source": "d56aa8c5-cb63-4bb4-b489-99ed6e1b504f-attachment.html", "type": "text/html"}], "parameters": [{"name": "arg1", "value": "${admin}"}], "start": 1716884178716, "stop": 1716884183262}, {"name": "SeleniumLibrary.Wait Until Element Is Visible", "status": "passed", "statusDetails": {}, "parameters": [{"name": "arg1", "value": "${userplus}"}], "start": 1716884183262, "stop": 1716884184476}, {"name": "SeleniumLibrary.Click Element", "status": "passed", "statusDetails": {}, "attachments": [{"name": "Keyword Log", "source": "0a0041ca-939d-4662-a27d-ee9696a8a03d-attachment.html", "type": "text/html"}], "parameters": [{"name": "arg1", "value": "${userplus}"}], "start": 1716884184476, "stop": 1716884186320}, {"name": "OperatingSystem.Get File", "status": "passed", "statusDetails": {}, "attachments": [{"name": "Keyword Log", "source": "bde01b3c-0ccb-417e-9123-1930c979ad7a-attachment.html", "type": "text/html"}], "parameters": [{"name": "arg1", "value": "C:\\\\orange\\\\Ressources\\\\JDD\\\\listeuser.csv"}], "start": 1716884186320, "stop": 1716884186320}, {"name": "BuiltIn.Evaluate", "status": "passed", "statusDetails": {}, "attachments": [{"name": "Keyword Log", "source": "14f264f7-ae14-4e76-93aa-82c14ec15c30-attachment.html", "type": "text/html"}], "parameters": [{"name": "arg1", "value": "[line.split(',') for line in $file_content.splitlines()[1:]]"}], "start": 1716884186320, "stop": 1716884186362}, {"name": "${row}    IN    @{table}", "status": "failed", "statusDetails": {"message": "JavascriptException: Message: javascript error: {\"status\":32,\"value\":\"Unable to locate an element with the xpath expression //div[@class=\\\"oxd-select-text oxd-select-text--active and @text()=\\\"Admin\\\"] because of the following error:\\nSyntaxError: Failed to execute 'evaluate' on 'Document': The string '//div[@class=\\\"oxd-select-text oxd-select-text--active and @text()=\\\"Admin\\\"]' is not a valid XPath expression.\"}\n  (Session info: chrome=125.0.6422.78)\nStacktrace:\n\tGetHandleVerifier [0x00007FF651931F22+60322]\n\t(No symbol) [0x00007FF6518ACE99]\n\t(No symbol) [0x00007FF651767EBA]\n\t(No symbol) [0x00007FF65176DCEE]\n\t(No symbol) [0x00007FF651770641]\n\t(No symbol) [0x00007FF6517706E0]\n\t(No symbol) [0x00007FF6517B733B]\n\t(No symbol) [0x00007FF6517B773C]\n\t(No symbol) [0x00007FF6517FE997]\n\t(No symbol) [0x00007FF6517DC25F]\n\t(No symbol) [0x00007FF6517FBC80]\n\t(No symbol) [0x00007FF6517DBFC3]\n\t(No symbol) [0x00007FF6517A9617]\n\t(No symbol) [0x00007FF6517AA211]\n\tGetHandleVerifier [0x00007FF651C4946D+3301613]\n\tGetHandleVerifier [0x00007FF651C93693+3605267]\n\tGetHandleVerifier [0x00007FF651C89410+3563664]\n\tGetHandleVerifier [0x00007FF6519E42F6+790390]\n\t(No symbol) [0x00007FF6518B74DF]\n\t(No symbol) [0x00007FF6518B33D4]\n\t(No symbol) [0x00007FF6518B3562]\n\t(No symbol) [0x00007FF6518A2F6F]\n\tBaseThreadInitThunk [0x00007FFCE55A7344+20]\n\tRtlUserThreadStart [0x00007FFCE6B226B1+33]\n"}, "steps": [{"name": "${row} = ['Admin', 'Enabled', 'Test 71 FanchesFanshes', 'mohamed', '1234567A']", "status": "failed", "statusDetails": {"message": "JavascriptException: Message: javascript error: {\"status\":32,\"value\":\"Unable to locate an element with the xpath expression //div[@class=\\\"oxd-select-text oxd-select-text--active and @text()=\\\"Admin\\\"] because of the following error:\\nSyntaxError: Failed to execute 'evaluate' on 'Document': The string '//div[@class=\\\"oxd-select-text oxd-select-text--active and @text()=\\\"Admin\\\"]' is not a valid XPath expression.\"}\n  (Session info: chrome=125.0.6422.78)\nStacktrace:\n\tGetHandleVerifier [0x00007FF651931F22+60322]\n\t(No symbol) [0x00007FF6518ACE99]\n\t(No symbol) [0x00007FF651767EBA]\n\t(No symbol) [0x00007FF65176DCEE]\n\t(No symbol) [0x00007FF651770641]\n\t(No symbol) [0x00007FF6517706E0]\n\t(No symbol) [0x00007FF6517B733B]\n\t(No symbol) [0x00007FF6517B773C]\n\t(No symbol) [0x00007FF6517FE997]\n\t(No symbol) [0x00007FF6517DC25F]\n\t(No symbol) [0x00007FF6517FBC80]\n\t(No symbol) [0x00007FF6517DBFC3]\n\t(No symbol) [0x00007FF6517A9617]\n\t(No symbol) [0x00007FF6517AA211]\n\tGetHandleVerifier [0x00007FF651C4946D+3301613]\n\tGetHandleVerifier [0x00007FF651C93693+3605267]\n\tGetHandleVerifier [0x00007FF651C89410+3563664]\n\tGetHandleVerifier [0x00007FF6519E42F6+790390]\n\t(No symbol) [0x00007FF6518B74DF]\n\t(No symbol) [0x00007FF6518B33D4]\n\t(No symbol) [0x00007FF6518B3562]\n\t(No symbol) [0x00007FF6518A2F6F]\n\tBaseThreadInitThunk [0x00007FFCE55A7344+20]\n\tRtlUserThreadStart [0x00007FFCE6B226B1+33]\n"}, "steps": [{"name": "BuiltIn.Set Variable", "status": "passed", "statusDetails": {}, "attachments": [{"name": "Keyword Log", "source": "28dc0982-9586-460e-bd59-0a5ea0d202fd-attachment.html", "type": "text/html"}], "parameters": [{"name": "arg1", "value": "${row}[0]"}], "start": 1716884186362, "stop": 1716884186362}, {"name": "BuiltIn.Set Variable", "status": "passed", "statusDetails": {}, "attachments": [{"name": "Keyword Log", "source": "909c21d2-25b2-4ffa-9630-382d1a7f3200-attachment.html", "type": "text/html"}], "parameters": [{"name": "arg1", "value": "${row}[1]"}], "start": 1716884186362, "stop": 1716884186370}, {"name": "BuiltIn.Set Variable", "status": "passed", "statusDetails": {}, "attachments": [{"name": "Keyword Log", "source": "8458a7db-d32f-4ffe-8390-ab3e0aee586a-attachment.html", "type": "text/html"}], "parameters": [{"name": "arg1", "value": "${row}[2]"}], "start": 1716884186370, "stop": 1716884186370}, {"name": "BuiltIn.Set Variable", "status": "passed", "statusDetails": {}, "attachments": [{"name": "Keyword Log", "source": "6cacee76-3ec2-46d5-ab73-9d8270649cfb-attachment.html", "type": "text/html"}], "parameters": [{"name": "arg1", "value": "${row}[3]"}], "start": 1716884186370, "stop": 1716884186370}, {"name": "BuiltIn.Set Variable", "status": "passed", "statusDetails": {}, "attachments": [{"name": "Keyword Log", "source": "f43f02f8-8e9b-43d5-aefb-85a5fba03b53-attachment.html", "type": "text/html"}], "parameters": [{"name": "arg1", "value": "${row[4]}"}], "start": 1716884186370, "stop": 1716884186379}, {"name": "SeleniumLibrary.Wait Until Element Is Visible", "status": "passed", "statusDetails": {}, "parameters": [{"name": "arg1", "value": "${userrole}"}], "start": 1716884186379, "stop": 1716884186870}, {"name": "BuiltIn.Log", "status": "passed", "statusDetails": {}, "attachments": [{"name": "Keyword Log", "source": "7b8fa623-15b0-425b-93eb-b56cb1194ede-attachment.html", "type": "text/html"}], "parameters": [{"name": "arg1", "value": "${userrole}"}], "start": 1716884186870, "stop": 1716884186971}, {"name": "SeleniumLibrary.Click Element", "status": "passed", "statusDetails": {}, "attachments": [{"name": "Keyword Log", "source": "ce0cc408-aa25-477f-a79b-b0734c3cfb50-attachment.html", "type": "text/html"}], "parameters": [{"name": "arg1", "value": "${userrole}"}], "start": 1716884186971, "stop": 1716884188919}, {"name": "SeleniumLibrary.Wait Until Element Is Visible", "status": "failed", "statusDetails": {"message": "JavascriptException: Message: javascript error: {\"status\":32,\"value\":\"Unable to locate an element with the xpath expression //div[@class=\\\"oxd-select-text oxd-select-text--active and @text()=\\\"Admin\\\"] because of the following error:\\nSyntaxError: Failed to execute 'evaluate' on 'Document': The string '//div[@class=\\\"oxd-select-text oxd-select-text--active and @text()=\\\"Admin\\\"]' is not a valid XPath expression.\"}\n  (Session info: chrome=125.0.6422.78)\nStacktrace:\n\tGetHandleVerifier [0x00007FF651931F22+60322]\n\t(No symbol) [0x00007FF6518ACE99]\n\t(No symbol) [0x00007FF651767EBA]\n\t(No symbol) [0x00007FF65176DCEE]\n\t(No symbol) [0x00007FF651770641]\n\t(No symbol) [0x00007FF6517706E0]\n\t(No symbol) [0x00007FF6517B733B]\n\t(No symbol) [0x00007FF6517B773C]\n\t(No symbol) [0x00007FF6517FE997]\n\t(No symbol) [0x00007FF6517DC25F]\n\t(No symbol) [0x00007FF6517FBC80]\n\t(No symbol) [0x00007FF6517DBFC3]\n\t(No symbol) [0x00007FF6517A9617]\n\t(No symbol) [0x00007FF6517AA211]\n\tGetHandleVerifier [0x00007FF651C4946D+3301613]\n\tGetHandleVerifier [0x00007FF651C93693+3605267]\n\tGetHandleVerifier [0x00007FF651C89410+3563664]\n\tGetHandleVerifier [0x00007FF6519E42F6+790390]\n\t(No symbol) [0x00007FF6518B74DF]\n\t(No symbol) [0x00007FF6518B33D4]\n\t(No symbol) [0x00007FF6518B3562]\n\t(No symbol) [0x00007FF6518A2F6F]\n\tBaseThreadInitThunk [0x00007FFCE55A7344+20]\n\tRtlUserThreadStart [0x00007FFCE6B226B1+33]\n"}, "attachments": [{"name": "Keyword Log", "source": "34556a81-e2af-4009-9e6d-a468e7559a15-attachment.html", "type": "text/html"}], "parameters": [{"name": "arg1", "value": "//div[@class=\"oxd-select-text oxd-select-text--active and @text()=\"Admin\"]"}], "start": 1716884188919, "stop": 1716884190666}, {"name": "SeleniumLibrary.Click Element", "status": "skipped", "statusDetails": {"message": "JavascriptException: Message: javascript error: {\"status\":32,\"value\":\"Unable to locate an element with the xpath expression //div[@class=\\\"oxd-select-text oxd-select-text--active and @text()=\\\"Admin\\\"] because of the following error:\\nSyntaxError: Failed to execute 'evaluate' on 'Document': The string '//div[@class=\\\"oxd-select-text oxd-select-text--active and @text()=\\\"Admin\\\"]' is not a valid XPath expression.\"}\n  (Session info: chrome=125.0.6422.78)\nStacktrace:\n\tGetHandleVerifier [0x00007FF651931F22+60322]\n\t(No symbol) [0x00007FF6518ACE99]\n\t(No symbol) [0x00007FF651767EBA]\n\t(No symbol) [0x00007FF65176DCEE]\n\t(No symbol) [0x00007FF651770641]\n\t(No symbol) [0x00007FF6517706E0]\n\t(No symbol) [0x00007FF6517B733B]\n\t(No symbol) [0x00007FF6517B773C]\n\t(No symbol) [0x00007FF6517FE997]\n\t(No symbol) [0x00007FF6517DC25F]\n\t(No symbol) [0x00007FF6517FBC80]\n\t(No symbol) [0x00007FF6517DBFC3]\n\t(No symbol) [0x00007FF6517A9617]\n\t(No symbol) [0x00007FF6517AA211]\n\tGetHandleVerifier [0x00007FF651C4946D+3301613]\n\tGetHandleVerifier [0x00007FF651C93693+3605267]\n\tGetHandleVerifier [0x00007FF651C89410+3563664]\n\tGetHandleVerifier [0x00007FF6519E42F6+790390]\n\t(No symbol) [0x00007FF6518B74DF]\n\t(No symbol) [0x00007FF6518B33D4]\n\t(No symbol) [0x00007FF6518B3562]\n\t(No symbol) [0x00007FF6518A2F6F]\n\tBaseThreadInitThunk [0x00007FFCE55A7344+20]\n\tRtlUserThreadStart [0x00007FFCE6B226B1+33]\n"}, "parameters": [{"name": "arg1", "value": "//div[@class=\"oxd-select-text oxd-select-text--active and @text()=\"Admin\"]"}], "start": 1716884190666, "stop": 1716884190666}, {"name": "BuiltIn.Log", "status": "skipped", "statusDetails": {"message": "JavascriptException: Message: javascript error: {\"status\":32,\"value\":\"Unable to locate an element with the xpath expression //div[@class=\\\"oxd-select-text oxd-select-text--active and @text()=\\\"Admin\\\"] because of the following error:\\nSyntaxError: Failed to execute 'evaluate' on 'Document': The string '//div[@class=\\\"oxd-select-text oxd-select-text--active and @text()=\\\"Admin\\\"]' is not a valid XPath expression.\"}\n  (Session info: chrome=125.0.6422.78)\nStacktrace:\n\tGetHandleVerifier [0x00007FF651931F22+60322]\n\t(No symbol) [0x00007FF6518ACE99]\n\t(No symbol) [0x00007FF651767EBA]\n\t(No symbol) [0x00007FF65176DCEE]\n\t(No symbol) [0x00007FF651770641]\n\t(No symbol) [0x00007FF6517706E0]\n\t(No symbol) [0x00007FF6517B733B]\n\t(No symbol) [0x00007FF6517B773C]\n\t(No symbol) [0x00007FF6517FE997]\n\t(No symbol) [0x00007FF6517DC25F]\n\t(No symbol) [0x00007FF6517FBC80]\n\t(No symbol) [0x00007FF6517DBFC3]\n\t(No symbol) [0x00007FF6517A9617]\n\t(No symbol) [0x00007FF6517AA211]\n\tGetHandleVerifier [0x00007FF651C4946D+3301613]\n\tGetHandleVerifier [0x00007FF651C93693+3605267]\n\tGetHandleVerifier [0x00007FF651C89410+3563664]\n\tGetHandleVerifier [0x00007FF6519E42F6+790390]\n\t(No symbol) [0x00007FF6518B74DF]\n\t(No symbol) [0x00007FF6518B33D4]\n\t(No symbol) [0x00007FF6518B3562]\n\t(No symbol) [0x00007FF6518A2F6F]\n\tBaseThreadInitThunk [0x00007FFCE55A7344+20]\n\tRtlUserThreadStart [0x00007FFCE6B226B1+33]\n"}, "parameters": [{"name": "arg1", "value": "ok"}], "start": 1716884190666, "stop": 1716884190666}, {"name": "SeleniumLibrary.Wait Until Element Is Visible", "status": "skipped", "statusDetails": {"message": "JavascriptException: Message: javascript error: {\"status\":32,\"value\":\"Unable to locate an element with the xpath expression //div[@class=\\\"oxd-select-text oxd-select-text--active and @text()=\\\"Admin\\\"] because of the following error:\\nSyntaxError: Failed to execute 'evaluate' on 'Document': The string '//div[@class=\\\"oxd-select-text oxd-select-text--active and @text()=\\\"Admin\\\"]' is not a valid XPath expression.\"}\n  (Session info: chrome=125.0.6422.78)\nStacktrace:\n\tGetHandleVerifier [0x00007FF651931F22+60322]\n\t(No symbol) [0x00007FF6518ACE99]\n\t(No symbol) [0x00007FF651767EBA]\n\t(No symbol) [0x00007FF65176DCEE]\n\t(No symbol) [0x00007FF651770641]\n\t(No symbol) [0x00007FF6517706E0]\n\t(No symbol) [0x00007FF6517B733B]\n\t(No symbol) [0x00007FF6517B773C]\n\t(No symbol) [0x00007FF6517FE997]\n\t(No symbol) [0x00007FF6517DC25F]\n\t(No symbol) [0x00007FF6517FBC80]\n\t(No symbol) [0x00007FF6517DBFC3]\n\t(No symbol) [0x00007FF6517A9617]\n\t(No symbol) [0x00007FF6517AA211]\n\tGetHandleVerifier [0x00007FF651C4946D+3301613]\n\tGetHandleVerifier [0x00007FF651C93693+3605267]\n\tGetHandleVerifier [0x00007FF651C89410+3563664]\n\tGetHandleVerifier [0x00007FF6519E42F6+790390]\n\t(No symbol) [0x00007FF6518B74DF]\n\t(No symbol) [0x00007FF6518B33D4]\n\t(No symbol) [0x00007FF6518B3562]\n\t(No symbol) [0x00007FF6518A2F6F]\n\tBaseThreadInitThunk [0x00007FFCE55A7344+20]\n\tRtlUserThreadStart [0x00007FFCE6B226B1+33]\n"}, "parameters": [{"name": "arg1", "value": "${employername}"}], "start": 1716884190666, "stop": 1716884190666}, {"name": "SeleniumLibrary.Input Text", "status": "skipped", "statusDetails": {"message": "JavascriptException: Message: javascript error: {\"status\":32,\"value\":\"Unable to locate an element with the xpath expression //div[@class=\\\"oxd-select-text oxd-select-text--active and @text()=\\\"Admin\\\"] because of the following error:\\nSyntaxError: Failed to execute 'evaluate' on 'Document': The string '//div[@class=\\\"oxd-select-text oxd-select-text--active and @text()=\\\"Admin\\\"]' is not a valid XPath expression.\"}\n  (Session info: chrome=125.0.6422.78)\nStacktrace:\n\tGetHandleVerifier [0x00007FF651931F22+60322]\n\t(No symbol) [0x00007FF6518ACE99]\n\t(No symbol) [0x00007FF651767EBA]\n\t(No symbol) [0x00007FF65176DCEE]\n\t(No symbol) [0x00007FF651770641]\n\t(No symbol) [0x00007FF6517706E0]\n\t(No symbol) [0x00007FF6517B733B]\n\t(No symbol) [0x00007FF6517B773C]\n\t(No symbol) [0x00007FF6517FE997]\n\t(No symbol) [0x00007FF6517DC25F]\n\t(No symbol) [0x00007FF6517FBC80]\n\t(No symbol) [0x00007FF6517DBFC3]\n\t(No symbol) [0x00007FF6517A9617]\n\t(No symbol) [0x00007FF6517AA211]\n\tGetHandleVerifier [0x00007FF651C4946D+3301613]\n\tGetHandleVerifier [0x00007FF651C93693+3605267]\n\tGetHandleVerifier [0x00007FF651C89410+3563664]\n\tGetHandleVerifier [0x00007FF6519E42F6+790390]\n\t(No symbol) [0x00007FF6518B74DF]\n\t(No symbol) [0x00007FF6518B33D4]\n\t(No symbol) [0x00007FF6518B3562]\n\t(No symbol) [0x00007FF6518A2F6F]\n\tBaseThreadInitThunk [0x00007FFCE55A7344+20]\n\tRtlUserThreadStart [0x00007FFCE6B226B1+33]\n"}, "parameters": [{"name": "arg1", "value": "${employername}"}, {"name": "arg2", "value": "${emlpoyer}"}], "start": 1716884190666, "stop": 1716884190666}, {"name": "SeleniumLibrary.Wait Until Element Is Visible", "status": "skipped", "statusDetails": {"message": "JavascriptException: Message: javascript error: {\"status\":32,\"value\":\"Unable to locate an element with the xpath expression //div[@class=\\\"oxd-select-text oxd-select-text--active and @text()=\\\"Admin\\\"] because of the following error:\\nSyntaxError: Failed to execute 'evaluate' on 'Document': The string '//div[@class=\\\"oxd-select-text oxd-select-text--active and @text()=\\\"Admin\\\"]' is not a valid XPath expression.\"}\n  (Session info: chrome=125.0.6422.78)\nStacktrace:\n\tGetHandleVerifier [0x00007FF651931F22+60322]\n\t(No symbol) [0x00007FF6518ACE99]\n\t(No symbol) [0x00007FF651767EBA]\n\t(No symbol) [0x00007FF65176DCEE]\n\t(No symbol) [0x00007FF651770641]\n\t(No symbol) [0x00007FF6517706E0]\n\t(No symbol) [0x00007FF6517B733B]\n\t(No symbol) [0x00007FF6517B773C]\n\t(No symbol) [0x00007FF6517FE997]\n\t(No symbol) [0x00007FF6517DC25F]\n\t(No symbol) [0x00007FF6517FBC80]\n\t(No symbol) [0x00007FF6517DBFC3]\n\t(No symbol) [0x00007FF6517A9617]\n\t(No symbol) [0x00007FF6517AA211]\n\tGetHandleVerifier [0x00007FF651C4946D+3301613]\n\tGetHandleVerifier [0x00007FF651C93693+3605267]\n\tGetHandleVerifier [0x00007FF651C89410+3563664]\n\tGetHandleVerifier [0x00007FF6519E42F6+790390]\n\t(No symbol) [0x00007FF6518B74DF]\n\t(No symbol) [0x00007FF6518B33D4]\n\t(No symbol) [0x00007FF6518B3562]\n\t(No symbol) [0x00007FF6518A2F6F]\n\tBaseThreadInitThunk [0x00007FFCE55A7344+20]\n\tRtlUserThreadStart [0x00007FFCE6B226B1+33]\n"}, "parameters": [{"name": "arg1", "value": "${username}"}], "start": 1716884190666, "stop": 1716884190666}, {"name": "SeleniumLibrary.Input Text", "status": "skipped", "statusDetails": {"message": "JavascriptException: Message: javascript error: {\"status\":32,\"value\":\"Unable to locate an element with the xpath expression //div[@class=\\\"oxd-select-text oxd-select-text--active and @text()=\\\"Admin\\\"] because of the following error:\\nSyntaxError: Failed to execute 'evaluate' on 'Document': The string '//div[@class=\\\"oxd-select-text oxd-select-text--active and @text()=\\\"Admin\\\"]' is not a valid XPath expression.\"}\n  (Session info: chrome=125.0.6422.78)\nStacktrace:\n\tGetHandleVerifier [0x00007FF651931F22+60322]\n\t(No symbol) [0x00007FF6518ACE99]\n\t(No symbol) [0x00007FF651767EBA]\n\t(No symbol) [0x00007FF65176DCEE]\n\t(No symbol) [0x00007FF651770641]\n\t(No symbol) [0x00007FF6517706E0]\n\t(No symbol) [0x00007FF6517B733B]\n\t(No symbol) [0x00007FF6517B773C]\n\t(No symbol) [0x00007FF6517FE997]\n\t(No symbol) [0x00007FF6517DC25F]\n\t(No symbol) [0x00007FF6517FBC80]\n\t(No symbol) [0x00007FF6517DBFC3]\n\t(No symbol) [0x00007FF6517A9617]\n\t(No symbol) [0x00007FF6517AA211]\n\tGetHandleVerifier [0x00007FF651C4946D+3301613]\n\tGetHandleVerifier [0x00007FF651C93693+3605267]\n\tGetHandleVerifier [0x00007FF651C89410+3563664]\n\tGetHandleVerifier [0x00007FF6519E42F6+790390]\n\t(No symbol) [0x00007FF6518B74DF]\n\t(No symbol) [0x00007FF6518B33D4]\n\t(No symbol) [0x00007FF6518B3562]\n\t(No symbol) [0x00007FF6518A2F6F]\n\tBaseThreadInitThunk [0x00007FFCE55A7344+20]\n\tRtlUserThreadStart [0x00007FFCE6B226B1+33]\n"}, "parameters": [{"name": "arg1", "value": "${username}"}, {"name": "arg2", "value": "${usernom}"}], "start": 1716884190666, "stop": 1716884190666}, {"name": "SeleniumLibrary.Wait Until Element Is Visible", "status": "skipped", "statusDetails": {"message": "JavascriptException: Message: javascript error: {\"status\":32,\"value\":\"Unable to locate an element with the xpath expression //div[@class=\\\"oxd-select-text oxd-select-text--active and @text()=\\\"Admin\\\"] because of the following error:\\nSyntaxError: Failed to execute 'evaluate' on 'Document': The string '//div[@class=\\\"oxd-select-text oxd-select-text--active and @text()=\\\"Admin\\\"]' is not a valid XPath expression.\"}\n  (Session info: chrome=125.0.6422.78)\nStacktrace:\n\tGetHandleVerifier [0x00007FF651931F22+60322]\n\t(No symbol) [0x00007FF6518ACE99]\n\t(No symbol) [0x00007FF651767EBA]\n\t(No symbol) [0x00007FF65176DCEE]\n\t(No symbol) [0x00007FF651770641]\n\t(No symbol) [0x00007FF6517706E0]\n\t(No symbol) [0x00007FF6517B733B]\n\t(No symbol) [0x00007FF6517B773C]\n\t(No symbol) [0x00007FF6517FE997]\n\t(No symbol) [0x00007FF6517DC25F]\n\t(No symbol) [0x00007FF6517FBC80]\n\t(No symbol) [0x00007FF6517DBFC3]\n\t(No symbol) [0x00007FF6517A9617]\n\t(No symbol) [0x00007FF6517AA211]\n\tGetHandleVerifier [0x00007FF651C4946D+3301613]\n\tGetHandleVerifier [0x00007FF651C93693+3605267]\n\tGetHandleVerifier [0x00007FF651C89410+3563664]\n\tGetHandleVerifier [0x00007FF6519E42F6+790390]\n\t(No symbol) [0x00007FF6518B74DF]\n\t(No symbol) [0x00007FF6518B33D4]\n\t(No symbol) [0x00007FF6518B3562]\n\t(No symbol) [0x00007FF6518A2F6F]\n\tBaseThreadInitThunk [0x00007FFCE55A7344+20]\n\tRtlUserThreadStart [0x00007FFCE6B226B1+33]\n"}, "parameters": [{"name": "arg1", "value": "${userpassword}"}], "start": 1716884190666, "stop": 1716884190666}, {"name": "SeleniumLibrary.Input Password", "status": "skipped", "statusDetails": {"message": "JavascriptException: Message: javascript error: {\"status\":32,\"value\":\"Unable to locate an element with the xpath expression //div[@class=\\\"oxd-select-text oxd-select-text--active and @text()=\\\"Admin\\\"] because of the following error:\\nSyntaxError: Failed to execute 'evaluate' on 'Document': The string '//div[@class=\\\"oxd-select-text oxd-select-text--active and @text()=\\\"Admin\\\"]' is not a valid XPath expression.\"}\n  (Session info: chrome=125.0.6422.78)\nStacktrace:\n\tGetHandleVerifier [0x00007FF651931F22+60322]\n\t(No symbol) [0x00007FF6518ACE99]\n\t(No symbol) [0x00007FF651767EBA]\n\t(No symbol) [0x00007FF65176DCEE]\n\t(No symbol) [0x00007FF651770641]\n\t(No symbol) [0x00007FF6517706E0]\n\t(No symbol) [0x00007FF6517B733B]\n\t(No symbol) [0x00007FF6517B773C]\n\t(No symbol) [0x00007FF6517FE997]\n\t(No symbol) [0x00007FF6517DC25F]\n\t(No symbol) [0x00007FF6517FBC80]\n\t(No symbol) [0x00007FF6517DBFC3]\n\t(No symbol) [0x00007FF6517A9617]\n\t(No symbol) [0x00007FF6517AA211]\n\tGetHandleVerifier [0x00007FF651C4946D+3301613]\n\tGetHandleVerifier [0x00007FF651C93693+3605267]\n\tGetHandleVerifier [0x00007FF651C89410+3563664]\n\tGetHandleVerifier [0x00007FF6519E42F6+790390]\n\t(No symbol) [0x00007FF6518B74DF]\n\t(No symbol) [0x00007FF6518B33D4]\n\t(No symbol) [0x00007FF6518B3562]\n\t(No symbol) [0x00007FF6518A2F6F]\n\tBaseThreadInitThunk [0x00007FFCE55A7344+20]\n\tRtlUserThreadStart [0x00007FFCE6B226B1+33]\n"}, "parameters": [{"name": "arg1", "value": "${userpassword}"}, {"name": "arg2", "value": "${motdepass}"}], "start": 1716884190666, "stop": 1716884190666}, {"name": "SeleniumLibrary.Input Password", "status": "skipped", "statusDetails": {"message": "JavascriptException: Message: javascript error: {\"status\":32,\"value\":\"Unable to locate an element with the xpath expression //div[@class=\\\"oxd-select-text oxd-select-text--active and @text()=\\\"Admin\\\"] because of the following error:\\nSyntaxError: Failed to execute 'evaluate' on 'Document': The string '//div[@class=\\\"oxd-select-text oxd-select-text--active and @text()=\\\"Admin\\\"]' is not a valid XPath expression.\"}\n  (Session info: chrome=125.0.6422.78)\nStacktrace:\n\tGetHandleVerifier [0x00007FF651931F22+60322]\n\t(No symbol) [0x00007FF6518ACE99]\n\t(No symbol) [0x00007FF651767EBA]\n\t(No symbol) [0x00007FF65176DCEE]\n\t(No symbol) [0x00007FF651770641]\n\t(No symbol) [0x00007FF6517706E0]\n\t(No symbol) [0x00007FF6517B733B]\n\t(No symbol) [0x00007FF6517B773C]\n\t(No symbol) [0x00007FF6517FE997]\n\t(No symbol) [0x00007FF6517DC25F]\n\t(No symbol) [0x00007FF6517FBC80]\n\t(No symbol) [0x00007FF6517DBFC3]\n\t(No symbol) [0x00007FF6517A9617]\n\t(No symbol) [0x00007FF6517AA211]\n\tGetHandleVerifier [0x00007FF651C4946D+3301613]\n\tGetHandleVerifier [0x00007FF651C93693+3605267]\n\tGetHandleVerifier [0x00007FF651C89410+3563664]\n\tGetHandleVerifier [0x00007FF6519E42F6+790390]\n\t(No symbol) [0x00007FF6518B74DF]\n\t(No symbol) [0x00007FF6518B33D4]\n\t(No symbol) [0x00007FF6518B3562]\n\t(No symbol) [0x00007FF6518A2F6F]\n\tBaseThreadInitThunk [0x00007FFCE55A7344+20]\n\tRtlUserThreadStart [0x00007FFCE6B226B1+33]\n"}, "parameters": [{"name": "arg1", "value": "${userconfirmpassword}"}, {"name": "arg2", "value": "${motdepass}"}], "start": 1716884190666, "stop": 1716884190666}, {"name": "SeleniumLibrary.Click Button", "status": "skipped", "statusDetails": {"message": "JavascriptException: Message: javascript error: {\"status\":32,\"value\":\"Unable to locate an element with the xpath expression //div[@class=\\\"oxd-select-text oxd-select-text--active and @text()=\\\"Admin\\\"] because of the following error:\\nSyntaxError: Failed to execute 'evaluate' on 'Document': The string '//div[@class=\\\"oxd-select-text oxd-select-text--active and @text()=\\\"Admin\\\"]' is not a valid XPath expression.\"}\n  (Session info: chrome=125.0.6422.78)\nStacktrace:\n\tGetHandleVerifier [0x00007FF651931F22+60322]\n\t(No symbol) [0x00007FF6518ACE99]\n\t(No symbol) [0x00007FF651767EBA]\n\t(No symbol) [0x00007FF65176DCEE]\n\t(No symbol) [0x00007FF651770641]\n\t(No symbol) [0x00007FF6517706E0]\n\t(No symbol) [0x00007FF6517B733B]\n\t(No symbol) [0x00007FF6517B773C]\n\t(No symbol) [0x00007FF6517FE997]\n\t(No symbol) [0x00007FF6517DC25F]\n\t(No symbol) [0x00007FF6517FBC80]\n\t(No symbol) [0x00007FF6517DBFC3]\n\t(No symbol) [0x00007FF6517A9617]\n\t(No symbol) [0x00007FF6517AA211]\n\tGetHandleVerifier [0x00007FF651C4946D+3301613]\n\tGetHandleVerifier [0x00007FF651C93693+3605267]\n\tGetHandleVerifier [0x00007FF651C89410+3563664]\n\tGetHandleVerifier [0x00007FF6519E42F6+790390]\n\t(No symbol) [0x00007FF6518B74DF]\n\t(No symbol) [0x00007FF6518B33D4]\n\t(No symbol) [0x00007FF6518B3562]\n\t(No symbol) [0x00007FF6518A2F6F]\n\tBaseThreadInitThunk [0x00007FFCE55A7344+20]\n\tRtlUserThreadStart [0x00007FFCE6B226B1+33]\n"}, "parameters": [{"name": "arg1", "value": "${usersave}"}], "start": 1716884190666, "stop": 1716884190666}, {"name": "SeleniumLibrary.Alert Should Be Present", "status": "skipped", "statusDetails": {"message": "JavascriptException: Message: javascript error: {\"status\":32,\"value\":\"Unable to locate an element with the xpath expression //div[@class=\\\"oxd-select-text oxd-select-text--active and @text()=\\\"Admin\\\"] because of the following error:\\nSyntaxError: Failed to execute 'evaluate' on 'Document': The string '//div[@class=\\\"oxd-select-text oxd-select-text--active and @text()=\\\"Admin\\\"]' is not a valid XPath expression.\"}\n  (Session info: chrome=125.0.6422.78)\nStacktrace:\n\tGetHandleVerifier [0x00007FF651931F22+60322]\n\t(No symbol) [0x00007FF6518ACE99]\n\t(No symbol) [0x00007FF651767EBA]\n\t(No symbol) [0x00007FF65176DCEE]\n\t(No symbol) [0x00007FF651770641]\n\t(No symbol) [0x00007FF6517706E0]\n\t(No symbol) [0x00007FF6517B733B]\n\t(No symbol) [0x00007FF6517B773C]\n\t(No symbol) [0x00007FF6517FE997]\n\t(No symbol) [0x00007FF6517DC25F]\n\t(No symbol) [0x00007FF6517FBC80]\n\t(No symbol) [0x00007FF6517DBFC3]\n\t(No symbol) [0x00007FF6517A9617]\n\t(No symbol) [0x00007FF6517AA211]\n\tGetHandleVerifier [0x00007FF651C4946D+3301613]\n\tGetHandleVerifier [0x00007FF651C93693+3605267]\n\tGetHandleVerifier [0x00007FF651C89410+3563664]\n\tGetHandleVerifier [0x00007FF6519E42F6+790390]\n\t(No symbol) [0x00007FF6518B74DF]\n\t(No symbol) [0x00007FF6518B33D4]\n\t(No symbol) [0x00007FF6518B3562]\n\t(No symbol) [0x00007FF6518A2F6F]\n\tBaseThreadInitThunk [0x00007FFCE55A7344+20]\n\tRtlUserThreadStart [0x00007FFCE6B226B1+33]\n"}, "start": 1716884190666, "stop": 1716884190666}], "start": 1716884186362, "stop": 1716884190681}], "start": 1716884186362, "stop": 1716884190681}], "start": 1716884168170, "stop": 1716884190697}, {"name": "SeleniumLibrary.Close Browser", "status": "skipped", "statusDetails": {"message": "JavascriptException: Message: javascript error: {\"status\":32,\"value\":\"Unable to locate an element with the xpath expression //div[@class=\\\"oxd-select-text oxd-select-text--active and @text()=\\\"Admin\\\"] because of the following error:\\nSyntaxError: Failed to execute 'evaluate' on 'Document': The string '//div[@class=\\\"oxd-select-text oxd-select-text--active and @text()=\\\"Admin\\\"]' is not a valid XPath expression.\"}\n  (Session info: chrome=125.0.6422.78)\nStacktrace:\n\tGetHandleVerifier [0x00007FF651931F22+60322]\n\t(No symbol) [0x00007FF6518ACE99]\n\t(No symbol) [0x00007FF651767EBA]\n\t(No symbol) [0x00007FF65176DCEE]\n\t(No symbol) [0x00007FF651770641]\n\t(No symbol) [0x00007FF6517706E0]\n\t(No symbol) [0x00007FF6517B733B]\n\t(No symbol) [0x00007FF6517B773C]\n\t(No symbol) [0x00007FF6517FE997]\n\t(No symbol) [0x00007FF6517DC25F]\n\t(No symbol) [0x00007FF6517FBC80]\n\t(No symbol) [0x00007FF6517DBFC3]\n\t(No symbol) [0x00007FF6517A9617]\n\t(No symbol) [0x00007FF6517AA211]\n\tGetHandleVerifier [0x00007FF651C4946D+3301613]\n\tGetHandleVerifier [0x00007FF651C93693+3605267]\n\tGetHandleVerifier [0x00007FF651C89410+3563664]\n\tGetHandleVerifier [0x00007FF6519E42F6+790390]\n\t(No symbol) [0x00007FF6518B74DF]\n\t(No symbol) [0x00007FF6518B33D4]\n\t(No symbol) [0x00007FF6518B3562]\n\t(No symbol) [0x00007FF6518A2F6F]\n\tBaseThreadInitThunk [0x00007FFCE55A7344+20]\n\tRtlUserThreadStart [0x00007FFCE6B226B1+33]\n"}, "start": 1716884190697, "stop": 1716884190697}], "start": 1716883926548, "stop": 1716884190697, "uuid": "40d159de-e06f-41d5-a45e-bf98ab26301b", "historyId": "96dda929688fc2c01ba08302a2ae40aa", "fullName": "PageObject.adduser", "labels": [{"name": "suite", "value": "PageObject"}, {"name": "framework", "value": "robotframework"}, {"name": "language", "value": "cpython3"}, {"name": "host", "value": "DESKTOP-IV2E1AJ"}, {"name": "thread", "value": "default-34e7046f-bbfe-42e9-9c0e-62521fad7887"}, {"name": "tag", "value": "utilisateur"}]}